Using pre-set license
Built from '2020.3/staging' branch; Version is '2020.3.10f1 (297d780c91bc) revision 2719096'; Using compiler version '192528614'; Build Type 'Release'
OS: 'Windows 10 Home; OS build 22000.613; Version 2009; 64bit' Language: 'it' Physical Memory: 7959 MB
BatchMode: 1, IsHumanControllingUs: 0, StartBugReporterOnCrash: 0, Is64bit: 1, IsPro: 0

 COMMAND LINE ARGUMENTS:
C:\Program Files\Unity\Hub\Editor\2020.3.10f1\Editor\Unity.exe
-adb2
-batchMode
-noUpm
-name
AssetImportWorker0
-projectPath
C:/Users/Francesco Laudano/Desktop/UE4 Games/Fiverr/SpVce
-logFile
Logs/AssetImportWorker0.log
-srvPort
52634
Successfully changed project path to: C:/Users/Francesco Laudano/Desktop/UE4 Games/Fiverr/SpVce
C:/Users/Francesco Laudano/Desktop/UE4 Games/Fiverr/SpVce
Using Asset Import Pipeline V2.
Refreshing native plugins compatible for Editor in 115.57 ms, found 3 plugins.
Preloading 0 native plugins for Editor in 0.00 ms.
Initialize engine version: 2020.3.10f1 (297d780c91bc)
[Subsystems] Discovering subsystems at path C:/Program Files/Unity/Hub/Editor/2020.3.10f1/Editor/Data/Resources/UnitySubsystems
[Subsystems] Discovering subsystems at path C:/Users/Francesco Laudano/Desktop/UE4 Games/Fiverr/SpVce/Assets
GfxDevice: creating device client; threaded=0
Direct3D:
    Version:  Direct3D 11.0 [level 11.1]
    Renderer: NVIDIA GeForce MX230 (ID=0x1d11)
    Vendor:   
    VRAM:     4028 MB
    Driver:   30.0.15.1169
Initialize mono
Mono path[0] = 'C:/Program Files/Unity/Hub/Editor/2020.3.10f1/Editor/Data/Managed'
Mono path[1] = 'C:/Program Files/Unity/Hub/Editor/2020.3.10f1/Editor/Data/MonoBleedingEdge/lib/mono/unityjit'
Mono config path = 'C:/Program Files/Unity/Hub/Editor/2020.3.10f1/Editor/Data/MonoBleedingEdge/etc'
Using monoOptions --debugger-agent=transport=dt_socket,embedding=1,server=y,suspend=n,address=127.0.0.1:56240
Begin MonoManager ReloadAssembly
Registering precompiled unity dll's ...
Register platform support module: C:/Program Files/Unity/Hub/Editor/2020.3.10f1/Editor/Data/PlaybackEngines/WebGLSupport/UnityEditor.WebGL.Extensions.dll
Register platform support module: C:/Program Files/Unity/Hub/Editor/2020.3.10f1/Editor/Data/PlaybackEngines/WindowsStandaloneSupport/UnityEditor.WindowsStandalone.Extensions.dll
Registered in 0.007143 seconds.
Native extension for WindowsStandalone target not found
Native extension for WebGL target not found
Refreshing native plugins compatible for Editor in 99.42 ms, found 3 plugins.
Preloading 0 native plugins for Editor in 0.00 ms.
Mono: successfully reloaded assembly
- Completed reload, in  3.655 seconds
Platform modules already initialized, skipping
Registering precompiled user dll's ...
Registered in 0.011606 seconds.
Begin MonoManager ReloadAssembly
Native extension for WindowsStandalone target not found
Native extension for WebGL target not found
Refreshing native plugins compatible for Editor in 47.27 ms, found 3 plugins.
Preloading 0 native plugins for Editor in 0.00 ms.
Mono: successfully reloaded assembly
- Completed reload, in  1.606 seconds
Platform modules already initialized, skipping
========================================================================
Worker process is ready to serve import requests
Launched and connected shader compiler UnityShaderCompiler.exe after 0.06 seconds
Refreshing native plugins compatible for Editor in 0.77 ms, found 3 plugins.
Preloading 0 native plugins for Editor in 0.00 ms.
Unloading 2213 Unused Serialized files (Serialized files now loaded: 0)
System memory in use before: 96.9 MB.
System memory in use after: 97.0 MB.

Unloading 27 unused Assets to reduce memory usage. Loaded Objects now: 2653.
Total: 3.897700 ms (FindLiveObjects: 0.345500 ms CreateObjectMapping: 0.279200 ms MarkObjects: 3.213600 ms  DeleteObjects: 0.057400 ms)

========================================================================
Received Import Request.
  path: Assets/HeartIcon.png
  artifactKey: Guid(257147892bf460549bf11afa8f200ed0) Importer(815301076,1909f56bfc062723c751e8b465ee728b)
Start importing Assets/HeartIcon.png using Guid(257147892bf460549bf11afa8f200ed0) Importer(815301076,1909f56bfc062723c751e8b465ee728b)  -> (artifact id: '74f89263e42d4fd5e9d2266b185ed0e6') in 0.199108 seconds
  Import took 0.205738 seconds .

========================================================================
Received Import Request.
  Time since last request: 0.000295 seconds.
  path: Assets/fire-flame-logo-vector-illustration-design-template-fire-flame-icon-black-icon-isolated-on-white-background-fire-flame-silhouette-simple-icon-700-189030504.jpg
  artifactKey: Guid(a8e6b500a278a824481f4efc66dc9bbc) Importer(815301076,1909f56bfc062723c751e8b465ee728b)
Start importing Assets/fire-flame-logo-vector-illustration-design-template-fire-flame-icon-black-icon-isolated-on-white-background-fire-flame-silhouette-simple-icon-700-189030504.jpg using Guid(a8e6b500a278a824481f4efc66dc9bbc) Importer(815301076,1909f56bfc062723c751e8b465ee728b)  -> (artifact id: 'dff2d0370e2e1ea5d1c2b16f948319bf') in 0.038333 seconds
  Import took 0.045902 seconds .

========================================================================
Received Import Request.
  Time since last request: 0.002075 seconds.
  path: Assets/images.png
  artifactKey: Guid(524246dc9a5b303439ccc1749f3ca34b) Importer(815301076,1909f56bfc062723c751e8b465ee728b)
Start importing Assets/images.png using Guid(524246dc9a5b303439ccc1749f3ca34b) Importer(815301076,1909f56bfc062723c751e8b465ee728b)  -> (artifact id: 'ab1e7a0fdbff8fb444b104c1564058b0') in 0.034120 seconds
  Import took 0.042035 seconds .

========================================================================
Received Import Request.
  Time since last request: 4.056046 seconds.
  path: Assets/Powerups/More Speed.asset
  artifactKey: Guid(14b94281fcd10984c97bc8636ccbb244) Importer(815301076,1909f56bfc062723c751e8b465ee728b)
Start importing Assets/Powerups/More Speed.asset using Guid(14b94281fcd10984c97bc8636ccbb244) Importer(815301076,1909f56bfc062723c751e8b465ee728b)  -> (artifact id: '12beb8badd51a5f022c4889c53c17e95') in 0.031302 seconds
  Import took 0.038832 seconds .

========================================================================
Received Import Request.
  Time since last request: 0.000453 seconds.
  path: Assets/Powerups/Rapid Fire.asset
  artifactKey: Guid(b798fcc6a06e38b48a3c822b76f726a3) Importer(815301076,1909f56bfc062723c751e8b465ee728b)
Start importing Assets/Powerups/Rapid Fire.asset using Guid(b798fcc6a06e38b48a3c822b76f726a3) Importer(815301076,1909f56bfc062723c751e8b465ee728b)  -> (artifact id: '84ddc3100aab9923cf2e461010008b0f') in 0.015187 seconds
  Import took 0.023241 seconds .

========================================================================
Received Import Request.
  Time since last request: 31.885868 seconds.
  path: Assets/Powerups/Additional Health.asset
  artifactKey: Guid(6c89a888843a82541957ab3de6e3077c) Importer(815301076,1909f56bfc062723c751e8b465ee728b)
Start importing Assets/Powerups/Additional Health.asset using Guid(6c89a888843a82541957ab3de6e3077c) Importer(815301076,1909f56bfc062723c751e8b465ee728b)  -> (artifact id: 'd8c5342d1ded36596340d04e026bfb2c') in 0.019568 seconds
  Import took 0.027291 seconds .

========================================================================
Received Import Request.
  Time since last request: 0.000352 seconds.
  path: Assets/Powerups/Rapid Fire.asset
  artifactKey: Guid(b798fcc6a06e38b48a3c822b76f726a3) Importer(815301076,1909f56bfc062723c751e8b465ee728b)
Start importing Assets/Powerups/Rapid Fire.asset using Guid(b798fcc6a06e38b48a3c822b76f726a3) Importer(815301076,1909f56bfc062723c751e8b465ee728b)  -> (artifact id: '0232d5d2a7aaa97379aa845df791523a') in 0.006519 seconds
  Import took 0.014742 seconds .

========================================================================
Received Import Request.
  Time since last request: 0.000480 seconds.
  path: Assets/Powerups/More Speed.asset
  artifactKey: Guid(14b94281fcd10984c97bc8636ccbb244) Importer(815301076,1909f56bfc062723c751e8b465ee728b)
Start importing Assets/Powerups/More Speed.asset using Guid(14b94281fcd10984c97bc8636ccbb244) Importer(815301076,1909f56bfc062723c751e8b465ee728b)  -> (artifact id: '55b8e77c5036302d90e883e9facd9bdb') in 0.009640 seconds
  Import took 0.017696 seconds .

========================================================================
Received Import Request.
  Time since last request: 7.630027 seconds.
  path: Assets/Fire Icon.jpg
  artifactKey: Guid(a8e6b500a278a824481f4efc66dc9bbc) Importer(815301076,1909f56bfc062723c751e8b465ee728b)
Start importing Assets/Fire Icon.jpg using Guid(a8e6b500a278a824481f4efc66dc9bbc) Importer(815301076,1909f56bfc062723c751e8b465ee728b)  -> (artifact id: 'c9d147a9e4f500ea51aaa2e6c5163830') in 0.032285 seconds
  Import took 0.039852 seconds .

========================================================================
Received Import Request.
  Time since last request: 4.113051 seconds.
  path: Assets/Speed Icon.png
  artifactKey: Guid(524246dc9a5b303439ccc1749f3ca34b) Importer(815301076,1909f56bfc062723c751e8b465ee728b)
Start importing Assets/Speed Icon.png using Guid(524246dc9a5b303439ccc1749f3ca34b) Importer(815301076,1909f56bfc062723c751e8b465ee728b)  -> (artifact id: '315c605b04e173af296df3462fcb3e89') in 0.029341 seconds
  Import took 0.037137 seconds .

AssetImportWorkerClient::OnTransportError - code=2 error=End of file
